<?xml version="1.0" encoding="UTF-8"?>
<testng-results ignored="0" total="1" passed="1" failed="0" skipped="0">
  <reporter-output>
  </reporter-output>
  <suite started-at="2023-10-18T11:08:23Z" name="Default suite" finished-at="2023-10-18T11:09:42Z" duration-ms="79327">
    <groups>
    </groups>
    <test started-at="2023-10-18T11:08:23Z" name="Default test" finished-at="2023-10-18T11:09:42Z" duration-ms="79327">
      <class name="com.tmb.tests.Monte_Test_Case">
        <test-method is-config="true" signature="setup()[pri:0, instance:com.tmb.tests.Monte_Test_Case@e57b96d]" started-at="2023-10-18T11:08:23Z" name="setup" finished-at="2023-10-18T11:09:20Z" duration-ms="57644" status="PASS">
          <reporter-output>
          </reporter-output>
        </test-method> <!-- setup -->
        <test-method signature="getAppURL()[pri:0, instance:com.tmb.tests.Monte_Test_Case@e57b96d]" started-at="2023-10-18T11:09:21Z" name="getAppURL" finished-at="2023-10-18T11:09:41Z" duration-ms="20923" status="PASS">
          <reporter-output>
          </reporter-output>
        </test-method> <!-- getAppURL -->
        <test-method is-config="true" signature="Close()[pri:0, instance:com.tmb.tests.Monte_Test_Case@e57b96d]" started-at="2023-10-18T11:09:41Z" name="Close" finished-at="2023-10-18T11:09:42Z" duration-ms="694" status="PASS">
          <reporter-output>
          </reporter-output>
        </test-method> <!-- Close -->
      </class> <!-- com.tmb.tests.Monte_Test_Case -->
    </test> <!-- Default test -->
  </suite> <!-- Default suite -->
</testng-results>
